[DEBUG] First raw record from MongoDB:
{
  "_id": "68ff4ba12e48727bfcf57919",
  "title": "\uac00\uc2a4\uc548\uc804",
  "category": "\uc5f0\uad6c\uc2e4 \uc548\uc804\uad00\ub9ac",
  "source_url": "https://www.dongyang.ac.kr/dmu/4854/subview.do",
  "\uc2e4\ud5d8\uc804": [
    "\uac00\uc2a4 \uc0ac\uc6a9 \uc804 \ub204\ucd9c \uac80\uc0ac\uc640 \uc555\ub825\uc870\uc808\uae30\uc758 \uc815\uc0c1\uc801 \uc791\ub3d9 \uc5ec\ubd80 \ud655\uc778",
    "\uc0ac\uc6a9 \uac00\uc2a4\uc758 \uc885\ub958 \ubc0f MSDS\ub97c \ud655\uc778\ud558\uace0, \uac00\uc2a4\uc758 \ud2b9\uc131\uacfc \ub204\ucd9c \uc2dc \ube44\uc0c1\uc870\uce58\uc0ac\ud56d \uc219\uc9c0",
    "\uc2e4\ud5d8 \uc804 \uac00\uc2a4 \uc0ac\uc6a9\uae30\uacc4\u00b7\uae30\uad6c\uc5d0 \uc774\uc0c1\uc774 \uc5c6\ub294\uc9c0 \uc810\uac80 \ud6c4 \uc2e4\ud5d8 \uc218\ud589",
    "\uac00\uc2a4\ub204\ucd9c\uacbd\ubcf4\uae30 \uc815\uc0c1\uc791\ub3d9 \uc5ec\ubd80 \ud655\uc778\ud558\uace0, \ub3c5\uc131\uac00\uc2a4 \ud639\uc740 \uac00\uc5f0\uc131 \uac00\uc2a4 \uc0ac\uc6a9 \uc2dc \ud734\ub300\uc6a9 \uac00\uc2a4\ub204\ucd9c\uacbd\ubcf4\uae30\uae30\ub97c \uac1c\uc778\uc774 \uc18c\uc9c0\ud558\uc5ec \uc2e4\ud5d8 \uc2dc \uc548\uc804 \ud655\ubcf4",
    "\uc18c\ud654\uae30, \ud654\uc7ac \ubc29\uc9c0 \uc7a5\ube44, \uac1c\uc778 \ubcf4\ud638\uad6c \ub4f1\uc758 \uc815\uc0c1\uc791\ub3d9 \uc5ec\ubd80 \ud655\uc778"
  ],
  "\uc2e4\ud5d8\ud6c4": [
    "\uc2e4\ud5d8 \ud6c4 \uac00\uc2a4\uc0ac\uc6a9 \uae30\uae30\uc758 \uc815\ub9ac\uc815\ub3c8 \ubc0f \uc2e4\ud5d8 \ud6c4 \uc548\uc804\uc810\uac80 \uc2e4\uc2dc",
    "\uac00\uc2a4\ub204\ucd9c\uacbd\ubcf4\uae30, \uac1c\uc778\ubcf4\ud638\uad6c\uc758 \uae30\ub2a5\uc0c1 \ubb38\uc81c\uac00 \uc5c6\ub294\uc9c0 \uc810\uac80"
  ],
  "\uac1c\uc778\ubcf4\ud638\uad6c": [
    {
      "\ucde8\uae09\uc791\uc5c5": "\uc555\ucd95 \uac00\uc2a4",
      "\uac1c\uc778\ubcf4\ud638\uad6c": [
        "\ubcf4\uc548\uacbd \ud639\uc740 \ubcf4\uc548\uba74",
        "\uc2e4\ud5d8\ubcf5",
        "\uc7a5\uac11 \ud639\uc740 \ub0b4\ud654\ud559\uc131 \uc7a5\uac11"
      ]
    },
    {
      "\ucde8\uae09\uc791\uc5c5": "\ud3ed\ubc1c\uc131 \uac00\uc2a4",
      "\uac1c\uc778\ubcf4\ud638\uad6c": [
        "\ubcf4\uc548\uacbd \ud639\uc740 \ubcf4\uc548\uba74",
        "\ubc29\uc5fc\uc131 \uc2e4\ud5d8\ubcf5",
        "\uc815\uc804\uae30 \ubc29\uc9c0\uc6a9 \uc7a5\uac11"
      ]
    },
    {
      "\ucde8\uae09\uc791\uc5c5": "\ub3c5\uc131 \uac00\uc2a4",
      "\uac1c\uc778\ubcf4\ud638\uad6c": [
        "\ubcf4\uc548\uacbd \ud639\uc740 \ubcf4\uc548\uba74",
        "\ud638\ud761\uc6a9 \ubcf4\ud638\uad6c",
        "\ub0b4\ud654\ud559\uc131 \uc7a5\uac11"
      ]
    }
  ],
  "\ud0a4\uc6cc\ub4dc": [
    "\uac00\uc2a4\uc548\uc804",
    "MSDS",
    "\uac00\uc2a4\ub204\ucd9c\uacbd\ubcf4\uae30",
    "\uc555\ucd95\uac00\uc2a4",
    "\ud3ed\ubc1c\uc131\uac00\uc2a4",
    "\ub3c5\uc131\uac00\uc2a4",
    "\uc815\uc804\uae30\ubc29\uc9c0",
    "\ud654\uc7ac\ubc29\uc9c0",
    "\ubcf4\uc548\uacbd",
    "\ud638\ud761\ubcf4\ud638\uad6c"
  ],
  "last_updated": "2025-10-27"
}